[2026-04-28T14:49:30.868Z] ✅ Session loaded
[2026-04-28T14:49:47.284Z] ⚠️ Session expired — please login again
[2026-04-28T14:50:47.727Z] ✅ New session saved
[2026-04-28T14:50:47.727Z] 👉 Run your search in Apollo, then press ENTER here...
[2026-04-28T14:52:25.952Z] 
🚀 New cycle
[2026-04-28T14:52:25.973Z] ⚠️ Modal detected... closing
[2026-04-28T14:52:27.238Z] ⌨️ Esc pressed
[2026-04-28T14:52:27.252Z] 📊 Net new before: 165
[2026-04-28T14:52:27.260Z] 🖱️ Clicking header checkbox...
[2026-04-28T14:52:28.825Z] 🖱️ Selecting "Select all" radio option...
[2026-04-28T14:52:28.851Z] ✅ Select all result: radio clicked
[2026-04-28T14:52:29.352Z] 🖱️ Clicking Apply...
[2026-04-28T14:52:30.117Z] ✅ Clicked Apply via: button:has-text("Apply")
[2026-04-28T14:52:33.214Z] ☑️ Confirmed: 1000 records selected
[2026-04-28T14:52:33.215Z] 🖱️ Clicking Export in toolbar...
[2026-04-28T14:52:34.334Z] ✅ Clicked Export
[2026-04-28T14:52:35.840Z] ⏳ Waiting for Export to CSV modal...
[2026-04-28T14:52:35.871Z] ✅ Export to CSV modal opened
[2026-04-28T14:52:36.683Z] 🖱️ Clicking Export records...
[2026-04-28T14:52:36.915Z] ✅ Clicked Export records — watching progress bar...
[2026-04-28T14:52:36.915Z] 👀 Waiting for progress toast to appear...
[2026-04-28T14:52:43.768Z] ✅ Progress bar appeared — watching for 100%...
[2026-04-28T14:52:49.436Z] ⏳ Progress bar width: 55%
[2026-04-28T14:52:55.944Z] ⏳ Progress bar width: null
[2026-04-28T14:52:55.944Z] ✅ Progress bar gone — export complete
[2026-04-28T14:52:55.959Z] 🆕 Opening new tab: https://app.apollo.io/#/companies?prospectedByCurrentTeam[]=no&organizationLocations[]=United%20States&organizationIndustryTagIds[]=5567cd4773696439dd350000&page=1&sortAscending=true&sortByField=recommendations_score&recommendationConfigId=69bc831072e36400011fa47f
[2026-04-28T14:53:15.317Z] ⚠️ Modal detected... closing
[2026-04-28T14:53:24.798Z] ⌨️ Esc pressed
[2026-04-28T14:53:24.871Z] 🗂️ Old tab closed — now working in new tab
[2026-04-28T14:53:24.871Z] ⏳ Waiting for net new to drop below 165...
[2026-04-28T14:53:24.973Z] 📉 Count check (1/20): null (was 165)
[2026-04-28T14:53:24.973Z] ⏳ Not dropped yet — waiting 60s then reloading...
[2026-04-28T14:54:35.124Z] ⚠️ Modal detected... closing
[2026-04-28T14:54:36.658Z] ⌨️ Esc pressed
[2026-04-28T14:54:36.669Z] 📉 Count check (2/20): 164 (was 165)
[2026-04-28T14:54:36.669Z] ✅ Count dropped 165 → 164 — ready for next cycle
[2026-04-28T14:54:36.670Z] 
🚀 New cycle
[2026-04-28T14:54:36.682Z] ⚠️ Modal detected... closing
[2026-04-28T14:54:38.194Z] ⌨️ Esc pressed
[2026-04-28T14:54:38.205Z] 📊 Net new before: 164
[2026-04-28T14:54:38.214Z] 🖱️ Clicking header checkbox...
[2026-04-28T14:54:39.830Z] 🖱️ Selecting "Select all" radio option...
[2026-04-28T14:54:39.949Z] ✅ Select all result: radio clicked
[2026-04-28T14:54:40.452Z] 🖱️ Clicking Apply...
[2026-04-28T14:54:41.414Z] ✅ Clicked Apply via: button:has-text("Apply")
[2026-04-28T14:54:44.458Z] ☑️ Confirmed: 1000 records selected
[2026-04-28T14:54:44.458Z] 🖱️ Clicking Export in toolbar...
[2026-04-28T14:54:45.656Z] ✅ Clicked Export
[2026-04-28T14:54:47.165Z] ⏳ Waiting for Export to CSV modal...
[2026-04-28T14:54:47.266Z] ✅ Export to CSV modal opened
[2026-04-28T14:54:48.086Z] 🖱️ Clicking Export records...
[2026-04-28T14:54:48.287Z] ✅ Clicked Export records — watching progress bar...
[2026-04-28T14:54:48.288Z] 👀 Waiting for progress toast to appear...
[2026-04-28T14:54:53.470Z] ✅ Progress bar appeared — watching for 100%...
[2026-04-28T14:54:58.985Z] ⏳ Progress bar width: 80%
[2026-04-28T14:55:03.989Z] ⏳ Progress bar width: null
[2026-04-28T14:55:03.989Z] ✅ Progress bar gone — export complete
[2026-04-28T14:55:03.995Z] 🆕 Opening new tab: https://app.apollo.io/#/companies?prospectedByCurrentTeam[]=no&organizationLocations[]=United%20States&organizationIndustryTagIds[]=5567cd4773696439dd350000&page=1&sortAscending=true&sortByField=recommendations_score&recommendationConfigId=69bc831072e36400011fa47f
[2026-04-28T14:55:32.435Z] ⚠️ Modal detected... closing
[2026-04-28T14:55:38.567Z] ⌨️ Esc pressed
[2026-04-28T14:55:38.595Z] 🗂️ Old tab closed — now working in new tab
[2026-04-28T14:55:38.595Z] ⏳ Waiting for net new to drop below 164...
[2026-04-28T14:55:38.855Z] 📉 Count check (1/20): 163 (was 164)
[2026-04-28T14:55:38.855Z] ✅ Count dropped 164 → 163 — ready for next cycle
[2026-04-28T14:55:38.855Z] 
🚀 New cycle
[2026-04-28T14:55:38.900Z] ⚠️ Modal detected... closing
[2026-04-28T14:55:40.428Z] ⌨️ Esc pressed
[2026-04-28T14:55:40.439Z] 📊 Net new before: 163
[2026-04-28T14:55:40.445Z] 🖱️ Clicking header checkbox...
[2026-04-28T14:55:42.073Z] 🖱️ Selecting "Select all" radio option...
[2026-04-28T14:55:42.098Z] ✅ Select all result: radio clicked
[2026-04-28T14:55:42.601Z] 🖱️ Clicking Apply...
[2026-04-28T14:55:43.425Z] ✅ Clicked Apply via: button:has-text("Apply")
[2026-04-28T14:55:46.450Z] ☑️ Confirmed: 1000 records selected
[2026-04-28T14:55:46.450Z] 🖱️ Clicking Export in toolbar...
[2026-04-28T14:55:47.310Z] ✅ Clicked Export
[2026-04-28T14:55:48.815Z] ⏳ Waiting for Export to CSV modal...
[2026-04-28T14:55:48.847Z] ✅ Export to CSV modal opened
[2026-04-28T14:55:49.660Z] 🖱️ Clicking Export records...
[2026-04-28T14:55:49.844Z] ✅ Clicked Export records — watching progress bar...
[2026-04-28T14:55:49.844Z] 👀 Waiting for progress toast to appear...
[2026-04-28T14:55:53.809Z] ✅ Progress bar appeared — watching for 100%...
[2026-04-28T14:55:58.876Z] ⏳ Progress bar width: 45%
[2026-04-28T14:56:03.941Z] ⏳ Progress bar width: 75%
[2026-04-28T14:56:08.955Z] ⏳ Progress bar width: 95%
[2026-04-28T14:56:13.962Z] ⏳ Progress bar width: null
[2026-04-28T14:56:13.962Z] ✅ Progress bar gone — export complete
[2026-04-28T14:56:13.969Z] 🆕 Opening new tab: https://app.apollo.io/#/companies?prospectedByCurrentTeam[]=no&organizationLocations[]=United%20States&organizationIndustryTagIds[]=5567cd4773696439dd350000&page=1&sortAscending=true&sortByField=recommendations_score&recommendationConfigId=69bc831072e36400011fa47f
[2026-04-28T14:56:27.438Z] ⚠️ Modal detected... closing
[2026-04-28T14:56:28.386Z] ⌨️ Esc pressed
[2026-04-28T14:56:28.417Z] 🗂️ Old tab closed — now working in new tab
[2026-04-28T14:56:28.431Z] ⏳ Waiting for net new to drop below 163...
[2026-04-28T14:56:28.440Z] 📉 Count check (1/20): null (was 163)
[2026-04-28T14:56:28.441Z] ⏳ Not dropped yet — waiting 60s then reloading...
[2026-04-28T14:57:02.886Z] 🛑 SIGINT received — closing browser
[2026-04-28T14:57:03.093Z] ⚠️ Error: page.waitForTimeout: Target page, context or browser has been closed
