[2026-04-27T10:02:30.233Z] ✅ Session loaded
[2026-04-27T10:02:45.151Z] ⚠️ Session expired — please login again
[2026-04-27T10:03:45.997Z] ✅ New session saved
[2026-04-27T10:03:45.997Z] 👉 Run your search in Apollo, then press ENTER here...
[2026-04-27T10:04:44.886Z] 🔖 Search URL: https://app.apollo.io/#/companies?sortAscending=false&sortByField=recommendations_score&prospectedByCurrentTeam[]=no&page=1&recommendationConfigId=69bc831072e36400011fa47f&organizationLocations[]=Texas%2C%20US&organizationIndustryTagIds[]=5567cd4773696439dd350000
[2026-04-27T10:04:44.886Z] 
🚀 New cycle
[2026-04-27T10:04:44.918Z] ⚠️ Modal detected... closing
[2026-04-27T10:04:47.240Z] ⌨️ Esc pressed
[2026-04-27T10:04:48.909Z] 📊 Net new before: 658
[2026-04-27T10:04:51.119Z] 🖱️ Clicking header checkbox...
[2026-04-27T10:04:56.274Z] 🖱️ Selecting "Select all" radio option...
[2026-04-27T10:04:56.303Z] ✅ Select all result: radio clicked
[2026-04-27T10:04:56.807Z] 🖱️ Clicking Apply...
[2026-04-27T10:04:57.600Z] ✅ Clicked Apply via: button:has-text("Apply")
[2026-04-27T10:05:00.613Z] ☑️ Confirmed: 1000 records selected
[2026-04-27T10:05:00.614Z] 🖱️ Clicking Export in toolbar...
[2026-04-27T10:05:01.348Z] ✅ Clicked Export
[2026-04-27T10:05:02.855Z] ⏳ Waiting for Export to CSV modal...
[2026-04-27T10:05:02.889Z] ✅ Export to CSV modal opened
[2026-04-27T10:05:03.696Z] 🖱️ Clicking Export records...
[2026-04-27T10:05:03.872Z] ✅ Clicked Export records
[2026-04-27T10:05:03.872Z] ⏳ Waiting 25s for export to process...
[2026-04-27T10:05:28.884Z] 🔄 Reloading search...
[2026-04-27T10:05:34.266Z] ⚠️ Modal detected... closing
[2026-04-27T10:05:35.124Z] ⌨️ Esc pressed
[2026-04-27T10:05:36.178Z] 📉 Net new after: 657
[2026-04-27T10:05:36.178Z] 
🚀 New cycle
[2026-04-27T10:05:40.170Z] ⚠️ Modal detected... closing
[2026-04-27T10:05:41.507Z] ⌨️ Esc pressed
[2026-04-27T10:05:43.023Z] 📊 Net new before: 657
[2026-04-27T10:05:44.738Z] 🖱️ Clicking header checkbox...
[2026-04-27T10:05:49.406Z] 🖱️ Selecting "Select all" radio option...
[2026-04-27T10:05:49.427Z] ✅ Select all result: radio clicked
[2026-04-27T10:05:49.929Z] 🖱️ Clicking Apply...
[2026-04-27T10:05:50.603Z] ✅ Clicked Apply via: button:has-text("Apply")
[2026-04-27T10:05:53.628Z] ☑️ Confirmed: 1000 records selected
[2026-04-27T10:05:53.628Z] 🖱️ Clicking Export in toolbar...
[2026-04-27T10:05:54.163Z] ✅ Clicked Export
[2026-04-27T10:05:55.665Z] ⏳ Waiting for Export to CSV modal...
[2026-04-27T10:05:55.696Z] ✅ Export to CSV modal opened
[2026-04-27T10:05:56.504Z] 🖱️ Clicking Export records...
[2026-04-27T10:05:56.669Z] ✅ Clicked Export records
[2026-04-27T10:05:56.669Z] ⏳ Waiting 25s for export to process...
[2026-04-27T10:06:16.985Z] 🛑 SIGINT received — closing browser
[2026-04-27T10:06:17.133Z] ⚠️ Error: page.waitForTimeout: Target page, context or browser has been closed
[2026-04-27T10:06:17.264Z] 🛑 SIGINT received — closing browser
