[2026-04-27T11:01:25.815Z] ✅ Session loaded
[2026-04-27T11:01:37.348Z] ⚠️ Session expired — please login again
[2026-04-27T11:02:37.890Z] ✅ New session saved
[2026-04-27T11:02:37.890Z] 👉 Run your search in Apollo, then press ENTER here...
[2026-04-27T11:05:05.418Z] 🔖 Search URL: https://app.apollo.io/#/companies?organizationLocations[]=Texas%2C%20US&organizationIndustryTagIds[]=5567cd4773696439dd350000&page=1&sortAscending=false&sortByField=recommendations_score&prospectedByCurrentTeam[]=no&recommendationConfigId=69bc831072e36400011fa47f
[2026-04-27T11:05:05.418Z] 
🚀 New cycle
[2026-04-27T11:05:05.440Z] ⚠️ Modal detected... closing
[2026-04-27T11:05:07.161Z] ⌨️ Esc pressed
[2026-04-27T11:05:07.176Z] 📊 Net new before: 24
[2026-04-27T11:05:07.181Z] 🖱️ Clicking header checkbox...
[2026-04-27T11:05:08.840Z] 🖱️ Selecting "Select all" radio option...
[2026-04-27T11:05:08.869Z] ✅ Select all result: radio clicked
[2026-04-27T11:05:09.370Z] 🖱️ Clicking Apply...
[2026-04-27T11:05:10.325Z] ✅ Clicked Apply via: button:has-text("Apply")
[2026-04-27T11:05:13.342Z] ☑️ Confirmed: 1000 records selected
[2026-04-27T11:05:13.343Z] 🖱️ Clicking Export in toolbar...
[2026-04-27T11:05:14.460Z] ✅ Clicked Export
[2026-04-27T11:05:15.966Z] ⏳ Waiting for Export to CSV modal...
[2026-04-27T11:05:16.005Z] ✅ Export to CSV modal opened
[2026-04-27T11:05:16.817Z] 🖱️ Clicking Export records...
[2026-04-27T11:05:16.983Z] ✅ Clicked Export records
[2026-04-27T11:05:26.986Z] ⏳ Waiting for "In Progress" to finish...
[2026-04-27T11:05:26.993Z] ⏳ Still in progress... 30%
[2026-04-27T11:05:37.010Z] ⏳ Still in progress... 
[2026-04-27T11:05:47.022Z] ⏳ Still in progress... 
[2026-04-27T11:05:57.040Z] ⏳ Still in progress... 
[2026-04-27T11:06:07.053Z] ⏳ Still in progress... 
[2026-04-27T11:06:17.063Z] ⏳ Still in progress... 
[2026-04-27T11:06:27.073Z] ⏳ Still in progress... 
[2026-04-27T11:06:37.082Z] ⏳ Still in progress... 
[2026-04-27T11:06:47.092Z] ⏳ Still in progress... 
[2026-04-27T11:06:57.101Z] ⏳ Still in progress... 
[2026-04-27T11:07:07.110Z] ⏳ Still in progress... 
[2026-04-27T11:07:17.118Z] ⏳ Still in progress... 
[2026-04-27T11:07:27.131Z] ✅ Progress finished
[2026-04-27T11:07:27.136Z] 🔄 Reload attempt 1/6...
[2026-04-27T11:07:35.262Z] ⚠️ Modal detected... closing
[2026-04-27T11:07:37.325Z] ⌨️ Esc pressed
[2026-04-27T11:07:37.336Z] 📉 Net new after reload: 24
[2026-04-27T11:07:37.336Z] ⏳ Count still 24 — waiting 15s
[2026-04-27T11:07:52.338Z] 🔄 Reload attempt 2/6...
[2026-04-27T11:08:00.459Z] ⚠️ Modal detected... closing
[2026-04-27T11:08:02.803Z] ⌨️ Esc pressed
[2026-04-27T11:08:02.812Z] 📉 Net new after reload: 24
[2026-04-27T11:08:02.812Z] ⏳ Count still 24 — waiting 15s
[2026-04-27T11:08:17.900Z] 🔄 Reload attempt 3/6...
[2026-04-27T11:08:26.957Z] ⚠️ Modal detected... closing
[2026-04-27T11:08:28.172Z] ⌨️ Esc pressed
[2026-04-27T11:08:28.184Z] 📉 Net new after reload: 23
[2026-04-27T11:08:28.184Z] ✅ Count dropped from 24 → 23
[2026-04-27T11:08:28.184Z] 
🚀 New cycle
[2026-04-27T11:08:28.194Z] ⚠️ Modal detected... closing
[2026-04-27T11:08:29.547Z] ⌨️ Esc pressed
[2026-04-27T11:08:29.560Z] 📊 Net new before: 23
[2026-04-27T11:08:29.565Z] 🖱️ Clicking header checkbox...
[2026-04-27T11:08:31.242Z] 🖱️ Selecting "Select all" radio option...
[2026-04-27T11:08:31.268Z] ✅ Select all result: radio clicked
[2026-04-27T11:08:31.769Z] 🖱️ Clicking Apply...
[2026-04-27T11:08:32.595Z] ✅ Clicked Apply via: button:has-text("Apply")
[2026-04-27T11:08:35.634Z] ☑️ Confirmed: 1000 records selected
[2026-04-27T11:08:35.634Z] 🖱️ Clicking Export in toolbar...
[2026-04-27T11:08:36.414Z] ✅ Clicked Export
[2026-04-27T11:08:37.921Z] ⏳ Waiting for Export to CSV modal...
[2026-04-27T11:08:37.964Z] ✅ Export to CSV modal opened
[2026-04-27T11:08:38.776Z] 🖱️ Clicking Export records...
[2026-04-27T11:08:38.919Z] ✅ Clicked Export records
[2026-04-27T11:08:48.921Z] ⏳ Waiting for "In Progress" to finish...
[2026-04-27T11:08:48.929Z] ⏳ Still in progress... 
[2026-04-27T11:08:58.938Z] ⏳ Still in progress... 15%
[2026-04-27T11:09:08.948Z] ⏳ Still in progress... 40%
[2026-04-27T11:09:18.955Z] ⏳ Still in progress... 50%
[2026-04-27T11:09:28.966Z] ⏳ Still in progress... 65%
[2026-04-27T11:09:39.212Z] ⏳ Still in progress... 90%
[2026-04-27T11:09:49.383Z] ⏳ Still in progress... 
[2026-04-27T11:09:59.389Z] ✅ Progress finished
[2026-04-27T11:09:59.400Z] 🔄 Reload attempt 1/6...
[2026-04-27T11:10:07.531Z] ⚠️ Modal detected... closing
[2026-04-27T11:10:10.538Z] ⌨️ Esc pressed
[2026-04-27T11:10:10.547Z] 📉 Net new after reload: 23
[2026-04-27T11:10:10.547Z] ⏳ Count still 23 — waiting 15s
[2026-04-27T11:10:25.550Z] 🔄 Reload attempt 2/6...
[2026-04-27T11:10:33.679Z] ⚠️ Modal detected... closing
[2026-04-27T11:10:35.279Z] ⌨️ Esc pressed
[2026-04-27T11:10:35.284Z] 📉 Net new after reload: 23
[2026-04-27T11:10:35.284Z] ⏳ Count still 23 — waiting 15s
[2026-04-27T11:10:50.286Z] 🔄 Reload attempt 3/6...
[2026-04-27T11:10:58.954Z] ⚠️ Modal detected... closing
[2026-04-27T11:11:00.133Z] ⌨️ Esc pressed
[2026-04-27T11:11:00.144Z] 📉 Net new after reload: 22
[2026-04-27T11:11:00.145Z] ✅ Count dropped from 23 → 22
[2026-04-27T11:11:00.145Z] 
🚀 New cycle
[2026-04-27T11:11:00.152Z] ⚠️ Modal detected... closing
[2026-04-27T11:11:01.312Z] ⌨️ Esc pressed
[2026-04-27T11:11:01.319Z] 📊 Net new before: 22
[2026-04-27T11:11:01.325Z] 🖱️ Clicking header checkbox...
[2026-04-27T11:11:02.902Z] 🖱️ Selecting "Select all" radio option...
[2026-04-27T11:11:02.926Z] ✅ Select all result: radio clicked
[2026-04-27T11:11:03.428Z] 🖱️ Clicking Apply...
[2026-04-27T11:11:04.178Z] ✅ Clicked Apply via: button:has-text("Apply")
[2026-04-27T11:11:07.192Z] ☑️ Confirmed: 1000 records selected
[2026-04-27T11:11:07.192Z] 🖱️ Clicking Export in toolbar...
[2026-04-27T11:11:08.035Z] ✅ Clicked Export
[2026-04-27T11:11:09.537Z] ⏳ Waiting for Export to CSV modal...
[2026-04-27T11:11:09.567Z] ✅ Export to CSV modal opened
[2026-04-27T11:11:10.375Z] 🖱️ Clicking Export records...
[2026-04-27T11:11:10.538Z] ✅ Clicked Export records
[2026-04-27T11:11:20.541Z] ⏳ Waiting for "In Progress" to finish...
[2026-04-27T11:11:20.547Z] ⏳ Still in progress... 30%
[2026-04-27T11:11:30.561Z] ⏳ Still in progress... 
[2026-04-27T11:11:40.572Z] ⏳ Still in progress... 
[2026-04-27T11:11:50.580Z] ⏳ Still in progress... 
[2026-04-27T11:12:00.588Z] ⏳ Still in progress... 
[2026-04-27T11:12:10.600Z] ⏳ Still in progress... 
[2026-04-27T11:12:20.611Z] ✅ Progress finished
[2026-04-27T11:12:20.618Z] 🔄 Reload attempt 1/6...
[2026-04-27T11:12:29.359Z] ⚠️ closeModalIfPresent error (ignored): page.$: Execution context was destroyed, most likely because of a navigation
[2026-04-27T11:12:30.594Z] 📉 Net new after reload: null
[2026-04-27T11:12:30.594Z] ⚠️ Could not read count — retrying
[2026-04-27T11:12:45.597Z] 🔄 Reload attempt 2/6...
[2026-04-27T11:12:54.834Z] ⚠️ Modal detected... closing
[2026-04-27T11:12:56.053Z] ⌨️ Esc pressed
[2026-04-27T11:12:56.064Z] 📉 Net new after reload: 21
[2026-04-27T11:12:56.065Z] ✅ Count dropped from 22 → 21
[2026-04-27T11:12:56.065Z] 
🚀 New cycle
[2026-04-27T11:12:56.072Z] ⚠️ Modal detected... closing
[2026-04-27T11:12:57.284Z] ⌨️ Esc pressed
[2026-04-27T11:12:57.296Z] 📊 Net new before: 21
[2026-04-27T11:12:57.301Z] 🖱️ Clicking header checkbox...
[2026-04-27T11:12:58.902Z] 🖱️ Selecting "Select all" radio option...
[2026-04-27T11:12:58.919Z] ✅ Select all result: radio clicked
[2026-04-27T11:12:59.421Z] 🖱️ Clicking Apply...
[2026-04-27T11:13:00.261Z] ✅ Clicked Apply via: button:has-text("Apply")
[2026-04-27T11:13:03.280Z] ☑️ Confirmed: 1000 records selected
[2026-04-27T11:13:03.280Z] 🖱️ Clicking Export in toolbar...
[2026-04-27T11:13:04.029Z] ✅ Clicked Export
[2026-04-27T11:13:05.530Z] ⏳ Waiting for Export to CSV modal...
[2026-04-27T11:13:05.605Z] ✅ Export to CSV modal opened
[2026-04-27T11:13:06.417Z] 🖱️ Clicking Export records...
[2026-04-27T11:13:06.604Z] ✅ Clicked Export records
[2026-04-27T11:13:16.606Z] ⏳ Waiting for "In Progress" to finish...
[2026-04-27T11:13:16.925Z] ⏳ Still in progress... 85%
[2026-04-27T11:13:26.938Z] ⏳ Still in progress... 
[2026-04-27T11:13:36.949Z] ⏳ Still in progress... 
[2026-04-27T11:13:47.011Z] ✅ Progress finished
[2026-04-27T11:13:47.127Z] 🔄 Reload attempt 1/6...
[2026-04-27T11:13:55.269Z] ⚠️ Modal detected... closing
[2026-04-27T11:13:56.972Z] ⌨️ Esc pressed
[2026-04-27T11:13:56.981Z] 📉 Net new after reload: 21
[2026-04-27T11:13:56.981Z] ⏳ Count still 21 — waiting 15s
[2026-04-27T11:14:11.984Z] 🔄 Reload attempt 2/6...
[2026-04-27T11:14:20.107Z] ⚠️ Modal detected... closing
[2026-04-27T11:14:21.437Z] ⌨️ Esc pressed
[2026-04-27T11:14:21.446Z] 📉 Net new after reload: 21
[2026-04-27T11:14:21.446Z] ⏳ Count still 21 — waiting 15s
[2026-04-27T11:14:36.462Z] 🔄 Reload attempt 3/6...
[2026-04-27T11:14:46.265Z] ⚠️ Modal detected... closing
[2026-04-27T11:14:47.699Z] ⌨️ Esc pressed
[2026-04-27T11:14:47.714Z] 📉 Net new after reload: 20
[2026-04-27T11:14:47.714Z] ✅ Count dropped from 21 → 20
[2026-04-27T11:14:47.714Z] 
🚀 New cycle
[2026-04-27T11:14:47.723Z] ⚠️ Modal detected... closing
[2026-04-27T11:14:49.008Z] ⌨️ Esc pressed
[2026-04-27T11:14:49.020Z] 📊 Net new before: 20
[2026-04-27T11:14:49.024Z] 🖱️ Clicking header checkbox...
[2026-04-27T11:14:50.604Z] 🖱️ Selecting "Select all" radio option...
[2026-04-27T11:14:50.626Z] ✅ Select all result: radio clicked
[2026-04-27T11:14:51.128Z] 🖱️ Clicking Apply...
[2026-04-27T11:14:52.675Z] ✅ Clicked Apply via: button:has-text("Apply")
[2026-04-27T11:14:55.683Z] ☑️ Confirmed: 1000 records selected
[2026-04-27T11:14:55.683Z] 🖱️ Clicking Export in toolbar...
[2026-04-27T11:14:56.683Z] ✅ Clicked Export
[2026-04-27T11:14:58.185Z] ⏳ Waiting for Export to CSV modal...
[2026-04-27T11:14:58.242Z] ✅ Export to CSV modal opened
[2026-04-27T11:14:59.053Z] 🖱️ Clicking Export records...
[2026-04-27T11:14:59.241Z] ✅ Clicked Export records
[2026-04-27T11:15:09.242Z] ⏳ Waiting for "In Progress" to finish...
[2026-04-27T11:15:09.974Z] ⏳ Still in progress... 85%
[2026-04-27T11:15:19.988Z] ✅ Progress finished
[2026-04-27T11:15:20.001Z] 🔄 Reload attempt 1/6...
[2026-04-27T11:15:28.176Z] ⚠️ Modal detected... closing
[2026-04-27T11:15:30.221Z] ⌨️ Esc pressed
[2026-04-27T11:15:30.229Z] 📉 Net new after reload: 20
[2026-04-27T11:15:30.229Z] ⏳ Count still 20 — waiting 15s
[2026-04-27T11:15:45.230Z] 🔄 Reload attempt 2/6...
[2026-04-27T11:15:59.306Z] ⚠️ Modal detected... closing
[2026-04-27T11:16:00.621Z] ⌨️ Esc pressed
[2026-04-27T11:16:00.634Z] 📉 Net new after reload: 19
[2026-04-27T11:16:00.634Z] ✅ Count dropped from 20 → 19
[2026-04-27T11:16:00.634Z] 
🚀 New cycle
[2026-04-27T11:16:00.640Z] ⚠️ Modal detected... closing
[2026-04-27T11:16:02.217Z] ⌨️ Esc pressed
[2026-04-27T11:16:02.226Z] 📊 Net new before: 19
[2026-04-27T11:16:02.230Z] 🖱️ Clicking header checkbox...
[2026-04-27T11:16:04.381Z] 🖱️ Selecting "Select all" radio option...
[2026-04-27T11:16:04.413Z] ✅ Select all result: radio clicked
[2026-04-27T11:16:04.934Z] 🖱️ Clicking Apply...
[2026-04-27T11:16:06.029Z] ✅ Clicked Apply via: button:has-text("Apply")
[2026-04-27T11:16:09.039Z] ☑️ Confirmed: 1000 records selected
[2026-04-27T11:16:09.039Z] 🖱️ Clicking Export in toolbar...
[2026-04-27T11:16:10.130Z] ✅ Clicked Export
[2026-04-27T11:16:11.634Z] ⏳ Waiting for Export to CSV modal...
[2026-04-27T11:16:11.672Z] ✅ Export to CSV modal opened
[2026-04-27T11:16:12.557Z] 🖱️ Clicking Export records...
[2026-04-27T11:16:13.238Z] ✅ Clicked Export records
[2026-04-27T11:16:23.277Z] ⏳ Waiting for "In Progress" to finish...
[2026-04-27T11:16:29.898Z] ⏳ Still in progress... 65%
[2026-04-27T11:16:39.952Z] ⏳ Still in progress... 
[2026-04-27T11:16:49.964Z] ⏳ Still in progress... 
[2026-04-27T11:16:59.990Z] ⏳ Still in progress... 
[2026-04-27T11:17:10.369Z] ⏳ Still in progress... 
[2026-04-27T11:17:20.381Z] ✅ Progress finished
[2026-04-27T11:17:20.389Z] 🔄 Reload attempt 1/6...
[2026-04-27T11:17:28.547Z] ⚠️ Modal detected... closing
[2026-04-27T11:17:30.358Z] ⌨️ Esc pressed
[2026-04-27T11:17:30.367Z] 📉 Net new after reload: 19
[2026-04-27T11:17:30.368Z] ⏳ Count still 19 — waiting 15s
[2026-04-27T11:17:45.371Z] 🔄 Reload attempt 2/6...
[2026-04-27T11:17:57.707Z] ⚠️ Modal detected... closing
[2026-04-27T11:17:58.993Z] ⌨️ Esc pressed
[2026-04-27T11:17:59.006Z] 📉 Net new after reload: 18
[2026-04-27T11:17:59.006Z] ✅ Count dropped from 19 → 18
[2026-04-27T11:17:59.006Z] 
🚀 New cycle
[2026-04-27T11:17:59.015Z] ⚠️ Modal detected... closing
[2026-04-27T11:18:00.226Z] ⌨️ Esc pressed
[2026-04-27T11:18:00.237Z] 📊 Net new before: 18
[2026-04-27T11:18:00.242Z] 🖱️ Clicking header checkbox...
[2026-04-27T11:18:01.833Z] 🖱️ Selecting "Select all" radio option...
[2026-04-27T11:18:01.852Z] ✅ Select all result: radio clicked
[2026-04-27T11:18:02.357Z] 🖱️ Clicking Apply...
[2026-04-27T11:18:04.198Z] ✅ Clicked Apply via: button:has-text("Apply")
[2026-04-27T11:18:07.210Z] ☑️ Confirmed: 1000 records selected
[2026-04-27T11:18:07.210Z] 🖱️ Clicking Export in toolbar...
[2026-04-27T11:18:07.993Z] ✅ Clicked Export
[2026-04-27T11:18:09.494Z] ⏳ Waiting for Export to CSV modal...
[2026-04-27T11:18:09.528Z] ✅ Export to CSV modal opened
[2026-04-27T11:18:10.349Z] 🖱️ Clicking Export records...
[2026-04-27T11:18:10.615Z] ✅ Clicked Export records
[2026-04-27T11:18:20.618Z] ⏳ Waiting for "In Progress" to finish...
[2026-04-27T11:18:21.696Z] ⏳ Still in progress... 75%
[2026-04-27T11:18:31.705Z] ⏳ Still in progress... 
[2026-04-27T11:18:41.716Z] ⏳ Still in progress... 
[2026-04-27T11:18:51.723Z] ✅ Progress finished
[2026-04-27T11:18:51.729Z] 🔄 Reload attempt 1/6...
[2026-04-27T11:18:59.839Z] ⚠️ Modal detected... closing
[2026-04-27T11:19:01.687Z] ⌨️ Esc pressed
[2026-04-27T11:19:01.695Z] 📉 Net new after reload: 18
[2026-04-27T11:19:01.695Z] ⏳ Count still 18 — waiting 15s
[2026-04-27T11:19:16.697Z] 🔄 Reload attempt 2/6...
[2026-04-27T11:19:24.823Z] ⚠️ Modal detected... closing
[2026-04-27T11:19:26.264Z] ⌨️ Esc pressed
[2026-04-27T11:19:26.274Z] 📉 Net new after reload: 18
[2026-04-27T11:19:26.274Z] ⏳ Count still 18 — waiting 15s
[2026-04-27T11:19:41.277Z] 🔄 Reload attempt 3/6...
[2026-04-27T11:19:50.443Z] ⚠️ Modal detected... closing
[2026-04-27T11:19:51.829Z] ⌨️ Esc pressed
[2026-04-27T11:19:51.845Z] 📉 Net new after reload: 17
[2026-04-27T11:19:51.845Z] ✅ Count dropped from 18 → 17
[2026-04-27T11:19:51.845Z] 
🚀 New cycle
[2026-04-27T11:19:51.860Z] ⚠️ Modal detected... closing
[2026-04-27T11:19:53.167Z] ⌨️ Esc pressed
[2026-04-27T11:19:53.180Z] 📊 Net new before: 17
[2026-04-27T11:19:53.185Z] 🚫 Limit detected — cooling down 30 min
[2026-04-27T11:49:53.243Z] 
🚀 New cycle
[2026-04-27T11:49:53.262Z] ⚠️ Modal detected... closing
[2026-04-27T11:49:54.766Z] ⌨️ Esc pressed
[2026-04-27T11:49:54.777Z] 📊 Net new before: 17
[2026-04-27T11:49:54.782Z] 🚫 Limit detected — cooling down 30 min
[2026-04-27T12:13:48.473Z] 🛑 SIGINT received — closing browser
[2026-04-27T12:13:48.671Z] ⚠️ Error: page.waitForTimeout: Target page, context or browser has been closed
