[2026-04-26T19:17:31.207Z] вњ… Session loaded
[2026-04-26T19:17:47.519Z] вљ пёЏ Saved session appears expired вЂ” deleting and re-authenticating
[2026-04-26T19:17:47.524Z] рџ‘‰ Please login manually in the browser window...
[2026-04-26T19:18:48.108Z] вњ… New session saved
[2026-04-26T19:18:48.109Z] рџ‘‰ Run your search in Apollo, then press ENTER here...
[2026-04-26T19:21:38.428Z] 
рџљЂ New cycle
[2026-04-26T19:21:38.656Z] вљ пёЏ Modal detected... closing
[2026-04-26T19:21:42.566Z] вњ… Modal closed
[2026-04-26T19:21:44.191Z] рџ“Љ Net new before: 302
[2026-04-26T19:21:59.277Z] вљ пёЏ Error: page.waitForSelector: Timeout 15000ms exceeded.
Call log:
[2m  - waiting for locator('table, [role="table"]') to be visible[22m

[2026-04-26T19:22:04.362Z] 
рџљЂ New cycle
[2026-04-26T19:22:04.376Z] вљ пёЏ Modal detected... closing
[2026-04-26T19:22:06.524Z] вњ… Modal closed
[2026-04-26T19:22:06.535Z] рџ“Љ Net new before: 302
[2026-04-26T19:22:21.546Z] вљ пёЏ Error: page.waitForSelector: Timeout 15000ms exceeded.
Call log:
[2m  - waiting for locator('table, [role="table"]') to be visible[22m

[2026-04-26T19:22:26.549Z] 
рџљЂ New cycle
[2026-04-26T19:22:26.563Z] вљ пёЏ Modal detected... closing
[2026-04-26T19:22:27.479Z] вЊЁпёЏ Esc pressed
[2026-04-26T19:22:27.486Z] рџ“Љ Net new before: 302
[2026-04-26T19:22:42.496Z] вљ пёЏ Error: page.waitForSelector: Timeout 15000ms exceeded.
Call log:
[2m  - waiting for locator('table, [role="table"]') to be visible[22m

[2026-04-26T19:22:47.498Z] 
рџљЂ New cycle
[2026-04-26T19:22:47.507Z] вљ пёЏ Modal detected... closing
[2026-04-26T19:22:48.903Z] вЊЁпёЏ Esc pressed
[2026-04-26T19:22:48.929Z] рџ“Љ Net new before: 302
[2026-04-26T19:23:03.962Z] вљ пёЏ Error: page.waitForSelector: Timeout 15000ms exceeded.
Call log:
[2m  - waiting for locator('table, [role="table"]') to be visible[22m

[2026-04-26T19:23:08.998Z] 
рџљЂ New cycle
[2026-04-26T19:23:09.019Z] вљ пёЏ Modal detected... closing
[2026-04-26T19:23:10.625Z] вЊЁпёЏ Esc pressed
[2026-04-26T19:23:10.639Z] рџ“Љ Net new before: 302
[2026-04-26T19:23:25.649Z] вљ пёЏ Error: page.waitForSelector: Timeout 15000ms exceeded.
Call log:
[2m  - waiting for locator('table, [role="table"]') to be visible[22m

[2026-04-26T19:23:30.651Z] 
рџљЂ New cycle
[2026-04-26T19:23:30.664Z] вљ пёЏ Modal detected... closing
[2026-04-26T19:23:32.116Z] вЊЁпёЏ Esc pressed
[2026-04-26T19:23:32.122Z] рџ“Љ Net new before: 302
[2026-04-26T19:23:47.133Z] вљ пёЏ Error: page.waitForSelector: Timeout 15000ms exceeded.
Call log:
[2m  - waiting for locator('table, [role="table"]') to be visible[22m

[2026-04-26T19:23:52.134Z] 
рџљЂ New cycle
[2026-04-26T19:23:52.148Z] вљ пёЏ Modal detected... closing
[2026-04-26T19:23:53.519Z] вЊЁпёЏ Esc pressed
[2026-04-26T19:23:53.527Z] рџ“Љ Net new before: 302
[2026-04-26T19:24:08.599Z] вљ пёЏ Error: page.waitForSelector: Timeout 15000ms exceeded.
Call log:
[2m  - waiting for locator('table, [role="table"]') to be visible[22m

[2026-04-26T19:24:13.604Z] 
рџљЂ New cycle
[2026-04-26T19:24:13.616Z] вљ пёЏ Modal detected... closing
[2026-04-26T19:24:14.925Z] вЊЁпёЏ Esc pressed
[2026-04-26T19:24:14.933Z] рџ“Љ Net new before: 302
[2026-04-26T19:24:29.941Z] вљ пёЏ Error: page.waitForSelector: Timeout 15000ms exceeded.
Call log:
[2m  - waiting for locator('table, [role="table"]') to be visible[22m

[2026-04-26T19:24:34.944Z] 
рџљЂ New cycle
[2026-04-26T19:24:34.954Z] вљ пёЏ Modal detected... closing
[2026-04-26T19:24:36.414Z] вЊЁпёЏ Esc pressed
[2026-04-26T19:24:36.424Z] рџ“Љ Net new before: 302
[2026-04-26T19:24:51.437Z] вљ пёЏ Error: page.waitForSelector: Timeout 15000ms exceeded.
Call log:
[2m  - waiting for locator('table, [role="table"]') to be visible[22m

[2026-04-26T19:24:56.438Z] 
рџљЂ New cycle
[2026-04-26T19:24:56.457Z] вљ пёЏ Modal detected... closing
[2026-04-26T19:24:58.118Z] вЊЁпёЏ Esc pressed
[2026-04-26T19:24:58.132Z] рџ“Љ Net new before: 302
[2026-04-26T19:25:13.146Z] вљ пёЏ Error: page.waitForSelector: Timeout 15000ms exceeded.
Call log:
[2m  - waiting for locator('table, [role="table"]') to be visible[22m

[2026-04-26T19:25:18.150Z] 
рџљЂ New cycle
[2026-04-26T19:25:18.158Z] вљ пёЏ Modal detected... closing
[2026-04-26T19:25:19.562Z] вЊЁпёЏ Esc pressed
[2026-04-26T19:25:19.576Z] рџ“Љ Net new before: 302
[2026-04-26T19:25:34.586Z] вљ пёЏ Error: page.waitForSelector: Timeout 15000ms exceeded.
Call log:
[2m  - waiting for locator('table, [role="table"]') to be visible[22m

[2026-04-26T19:25:39.587Z] 
рџљЂ New cycle
[2026-04-26T19:25:39.598Z] вљ пёЏ Modal detected... closing
[2026-04-26T19:25:41.029Z] вЊЁпёЏ Esc pressed
[2026-04-26T19:25:41.042Z] рџ“Љ Net new before: 302
[2026-04-26T19:25:56.098Z] вљ пёЏ Error: page.waitForSelector: Timeout 15000ms exceeded.
Call log:
[2m  - waiting for locator('table, [role="table"]') to be visible[22m

[2026-04-26T19:26:01.138Z] 
рџљЂ New cycle
[2026-04-26T19:26:01.148Z] вљ пёЏ Modal detected... closing
[2026-04-26T19:26:03.282Z] вЊЁпёЏ Esc pressed
[2026-04-26T19:26:03.292Z] рџ“Љ Net new before: 302
[2026-04-26T19:26:18.300Z] вљ пёЏ Error: page.waitForSelector: Timeout 15000ms exceeded.
Call log:
[2m  - waiting for locator('table, [role="table"]') to be visible[22m

[2026-04-26T19:26:23.308Z] 
рџљЂ New cycle
[2026-04-26T19:26:23.352Z] вљ пёЏ Modal detected... closing
[2026-04-26T19:26:24.929Z] вЊЁпёЏ Esc pressed
[2026-04-26T19:26:24.939Z] рџ“Љ Net new before: 302
[2026-04-26T19:26:39.946Z] вљ пёЏ Error: page.waitForSelector: Timeout 15000ms exceeded.
Call log:
[2m  - waiting for locator('table, [role="table"]') to be visible[22m

[2026-04-26T19:26:44.948Z] 
рџљЂ New cycle
[2026-04-26T19:26:44.960Z] вљ пёЏ Modal detected... closing
[2026-04-26T19:26:46.359Z] вЊЁпёЏ Esc pressed
[2026-04-26T19:26:46.368Z] рџ“Љ Net new before: 302
[2026-04-26T19:27:01.379Z] вљ пёЏ Error: page.waitForSelector: Timeout 15000ms exceeded.
Call log:
[2m  - waiting for locator('table, [role="table"]') to be visible[22m

[2026-04-26T19:27:06.383Z] 
рџљЂ New cycle
[2026-04-26T19:27:06.400Z] вљ пёЏ Modal detected... closing
[2026-04-26T19:27:07.871Z] вЊЁпёЏ Esc pressed
[2026-04-26T19:27:07.883Z] рџ“Љ Net new before: 302
[2026-04-26T19:27:22.889Z] вљ пёЏ Error: page.waitForSelector: Timeout 15000ms exceeded.
Call log:
[2m  - waiting for locator('table, [role="table"]') to be visible[22m

[2026-04-26T19:27:28.006Z] 
рџљЂ New cycle
[2026-04-26T19:27:28.023Z] вљ пёЏ Modal detected... closing
[2026-04-26T19:27:30.720Z] вЊЁпёЏ Esc pressed
[2026-04-26T19:27:30.738Z] рџ“Љ Net new before: 302
[2026-04-26T19:27:45.822Z] вљ пёЏ Error: page.waitForSelector: Timeout 15000ms exceeded.
Call log:
[2m  - waiting for locator('table, [role="table"]') to be visible[22m

[2026-04-26T19:27:50.825Z] 
рџљЂ New cycle
[2026-04-26T19:27:50.842Z] вљ пёЏ Modal detected... closing
[2026-04-26T19:27:52.245Z] вЊЁпёЏ Esc pressed
[2026-04-26T19:27:52.251Z] рџ“Љ Net new before: 302
[2026-04-26T19:28:07.257Z] вљ пёЏ Error: page.waitForSelector: Timeout 15000ms exceeded.
Call log:
[2m  - waiting for locator('table, [role="table"]') to be visible[22m

[2026-04-26T19:28:12.258Z] 
рџљЂ New cycle
[2026-04-26T19:28:12.268Z] вљ пёЏ Modal detected... closing
[2026-04-26T19:28:15.006Z] вЊЁпёЏ Esc pressed
[2026-04-26T19:28:15.386Z] рџ“Љ Net new before: 302
[2026-04-26T19:28:31.055Z] вљ пёЏ Error: page.waitForSelector: Timeout 15000ms exceeded.
Call log:
[2m  - waiting for locator('table, [role="table"]') to be visible[22m

[2026-04-26T19:28:36.063Z] 
рџљЂ New cycle
[2026-04-26T19:28:36.074Z] вљ пёЏ Modal detected... closing
[2026-04-26T19:28:37.490Z] вЊЁпёЏ Esc pressed
[2026-04-26T19:28:37.498Z] рџ“Љ Net new before: 302
[2026-04-26T19:28:52.505Z] вљ пёЏ Error: page.waitForSelector: Timeout 15000ms exceeded.
Call log:
[2m  - waiting for locator('table, [role="table"]') to be visible[22m

[2026-04-26T19:28:57.505Z] 
рџљЂ New cycle
[2026-04-26T19:28:57.517Z] вљ пёЏ Modal detected... closing
[2026-04-26T19:28:59.529Z] вЊЁпёЏ Esc pressed
[2026-04-26T19:28:59.549Z] рџ“Љ Net new before: 302
[2026-04-26T19:29:14.565Z] вљ пёЏ Error: page.waitForSelector: Timeout 15000ms exceeded.
Call log:
[2m  - waiting for locator('table, [role="table"]') to be visible[22m

[2026-04-26T19:29:19.566Z] 
рџљЂ New cycle
[2026-04-26T19:29:19.574Z] вљ пёЏ Modal detected... closing
[2026-04-26T19:29:21.074Z] вЊЁпёЏ Esc pressed
[2026-04-26T19:29:21.080Z] рџ“Љ Net new before: 302
[2026-04-26T19:29:36.089Z] вљ пёЏ Error: page.waitForSelector: Timeout 15000ms exceeded.
Call log:
[2m  - waiting for locator('table, [role="table"]') to be visible[22m

[2026-04-26T19:29:41.091Z] 
рџљЂ New cycle
[2026-04-26T19:29:41.101Z] вљ пёЏ Modal detected... closing
[2026-04-26T19:29:42.453Z] вЊЁпёЏ Esc pressed
[2026-04-26T19:29:42.461Z] рџ“Љ Net new before: 302
[2026-04-26T19:29:57.468Z] вљ пёЏ Error: page.waitForSelector: Timeout 15000ms exceeded.
Call log:
[2m  - waiting for locator('table, [role="table"]') to be visible[22m

[2026-04-26T19:30:02.471Z] 
рџљЂ New cycle
[2026-04-26T19:30:02.505Z] вљ пёЏ Modal detected... closing
[2026-04-26T19:30:03.829Z] вЊЁпёЏ Esc pressed
[2026-04-26T19:30:03.838Z] рџ“Љ Net new before: 302
[2026-04-26T19:30:18.846Z] вљ пёЏ Error: page.waitForSelector: Timeout 15000ms exceeded.
Call log:
[2m  - waiting for locator('table, [role="table"]') to be visible[22m

[2026-04-26T19:30:23.848Z] 
рџљЂ New cycle
[2026-04-26T19:30:23.862Z] вљ пёЏ Modal detected... closing
[2026-04-26T19:30:25.543Z] вЊЁпёЏ Esc pressed
[2026-04-26T19:30:25.686Z] рџ“Љ Net new before: 302
[2026-04-26T19:30:40.703Z] вљ пёЏ Error: page.waitForSelector: Timeout 15000ms exceeded.
Call log:
[2m  - waiting for locator('table, [role="table"]') to be visible[22m

[2026-04-26T19:30:45.705Z] 
рџљЂ New cycle
[2026-04-26T19:30:45.717Z] вљ пёЏ Modal detected... closing
[2026-04-26T19:30:47.151Z] вЊЁпёЏ Esc pressed
[2026-04-26T19:30:47.156Z] рџ“Љ Net new before: 302
[2026-04-26T19:31:02.163Z] вљ пёЏ Error: page.waitForSelector: Timeout 15000ms exceeded.
Call log:
[2m  - waiting for locator('table, [role="table"]') to be visible[22m

[2026-04-26T19:31:07.164Z] 
рџљЂ New cycle
[2026-04-26T19:31:07.233Z] вљ пёЏ Modal detected... closing
[2026-04-26T19:31:08.998Z] вЊЁпёЏ Esc pressed
[2026-04-26T19:31:09.006Z] рџ“Љ Net new before: 302
[2026-04-26T19:31:24.022Z] вљ пёЏ Error: page.waitForSelector: Timeout 15000ms exceeded.
Call log:
[2m  - waiting for locator('table, [role="table"]') to be visible[22m

[2026-04-26T19:31:29.023Z] 
рџљЂ New cycle
[2026-04-26T19:31:29.039Z] вљ пёЏ Modal detected... closing
[2026-04-26T19:31:30.357Z] вЊЁпёЏ Esc pressed
[2026-04-26T19:31:30.361Z] рџ“Љ Net new before: 302
[2026-04-26T19:31:45.391Z] вљ пёЏ Error: page.waitForSelector: Timeout 15000ms exceeded.
Call log:
[2m  - waiting for locator('table, [role="table"]') to be visible[22m

[2026-04-26T19:31:50.392Z] 
рџљЂ New cycle
[2026-04-26T19:31:50.413Z] вљ пёЏ Modal detected... closing
[2026-04-26T19:31:51.799Z] вЊЁпёЏ Esc pressed
[2026-04-26T19:31:51.810Z] рџ“Љ Net new before: 302
[2026-04-26T19:32:06.816Z] вљ пёЏ Error: page.waitForSelector: Timeout 15000ms exceeded.
Call log:
[2m  - waiting for locator('table, [role="table"]') to be visible[22m

[2026-04-26T19:32:11.817Z] 
рџљЂ New cycle
[2026-04-26T19:32:11.829Z] вљ пёЏ Modal detected... closing
[2026-04-26T19:32:13.178Z] вЊЁпёЏ Esc pressed
[2026-04-26T19:32:13.184Z] рџ“Љ Net new before: 302
[2026-04-26T19:32:28.201Z] вљ пёЏ Error: page.waitForSelector: Timeout 15000ms exceeded.
Call log:
[2m  - waiting for locator('table, [role="table"]') to be visible[22m

[2026-04-26T19:32:33.209Z] 
рџљЂ New cycle
[2026-04-26T19:32:33.284Z] вљ пёЏ Modal detected... closing
[2026-04-26T19:32:38.039Z] вЊЁпёЏ Esc pressed
[2026-04-26T19:32:38.142Z] рџ“Љ Net new before: 302
[2026-04-26T19:32:53.150Z] вљ пёЏ Error: page.waitForSelector: Timeout 15000ms exceeded.
Call log:
[2m  - waiting for locator('table, [role="table"]') to be visible[22m

[2026-04-26T19:32:53.368Z] рџ›‘ SIGINT received вЂ” closing browser
